-------------------------------------------------------------------------------
Test set: projectMaven.AppTest
-------------------------------------------------------------------------------
Tests run: 1, Failures: 1, Errors: 0, Skipped: 0, Time elapsed: 0.068 s <<< FAILURE! - in projectMaven.AppTest
inputWordString(projectMaven.AppTest)  Time elapsed: 0.01 s  <<< FAILURE!
java.lang.AssertionError: Test case pass expected:<[Apoorva, Apple, Mumy]> but was:<[Apoorva, Apple, Mummy]>
	at projectMaven.AppTest.inputWordString(AppTest.java:30)

